----- CLI crash report at 2025-08-15T17:04:34.559Z
Error Trace
FailedToIdentifyProgramFlow: FailedToIdentifyProgramFlow
    at _Command.<anonymous> (C:\Users\migue\AppData\Roaming\npm\node_modules\@wix\cli\src\program.ts:73:15)
    at _Command.emit (node:events:518:28)
    at _Command._parseCommand (C:\Users\migue\AppData\Roaming\npm\node_modules\node_modules\commander\lib\command.js:1607:14)
    at _Command.parseAsync (C:\Users\migue\AppData\Roaming\npm\node_modules\node_modules\commander\lib\command.js:1104:16)
    at <anonymous> (C:\Users\migue\AppData\Roaming\npm\node_modules\@wix\cli\src\index.tsx:80:39)
Error Info
{}
----- CLI crash report at 2025-08-15T17:04:41.864Z
Error Trace
FailedToIdentifyProgramFlow: FailedToIdentifyProgramFlow
    at _Command.<anonymous> (C:\Users\migue\AppData\Roaming\npm\node_modules\@wix\cli\src\program.ts:73:15)
    at _Command.emit (node:events:518:28)
    at _Command._parseCommand (C:\Users\migue\AppData\Roaming\npm\node_modules\node_modules\commander\lib\command.js:1607:14)
    at _Command.parseAsync (C:\Users\migue\AppData\Roaming\npm\node_modules\node_modules\commander\lib\command.js:1104:16)
    at <anonymous> (C:\Users\migue\AppData\Roaming\npm\node_modules\@wix\cli\src\index.tsx:80:39)
Error Info
{}
